"../../../Engine/Content/EditorBlueprintResources/StandardMacros.uasset" 0
"../../../Engine/Content/EditorBlueprintResources/StandardMacros.uexp" 1
"F:/User02/Documents/fuzzy-shooter/Content/Mannequin/Character/Mesh/UE4_Mannequin_Skeleton.uasset" 2
"F:/User02/Documents/fuzzy-shooter/Content/Mannequin/Character/Mesh/UE4_Mannequin_Skeleton.uexp" 3
"F:/User02/Documents/fuzzy-shooter/Content/Mannequin/Animations/ThirdPersonJump_Start.uasset" 4
"F:/User02/Documents/fuzzy-shooter/Content/Mannequin/Animations/ThirdPersonJump_Start.uexp" 5
"F:/User02/Documents/fuzzy-shooter/Content/Mannequin/Animations/ThirdPerson_Jump.uasset" 6
"F:/User02/Documents/fuzzy-shooter/Content/Mannequin/Animations/ThirdPerson_Jump.uexp" 7
"F:/User02/Documents/fuzzy-shooter/Content/Mannequin/Animations/ThirdPersonIdle.uasset" 8
"F:/User02/Documents/fuzzy-shooter/Content/Mannequin/Animations/ThirdPersonIdle.uexp" 9
"F:/User02/Documents/fuzzy-shooter/Content/Mannequin/Animations/ThirdPersonRun.uasset" 10
"F:/User02/Documents/fuzzy-shooter/Content/Mannequin/Animations/ThirdPersonRun.uexp" 11
"F:/User02/Documents/fuzzy-shooter/Content/Mannequin/Animations/ThirdPersonWalk.uasset" 12
"F:/User02/Documents/fuzzy-shooter/Content/Mannequin/Animations/ThirdPersonWalk.uexp" 13
"F:/User02/Documents/fuzzy-shooter/Content/Mannequin/Animations/ThirdPerson_IdleRun_2D.uasset" 14
"F:/User02/Documents/fuzzy-shooter/Content/Mannequin/Animations/ThirdPerson_IdleRun_2D.uexp" 15
"F:/User02/Documents/fuzzy-shooter/Content/Mannequin/Animations/ThirdPersonJump_Loop.uasset" 16
"F:/User02/Documents/fuzzy-shooter/Content/Mannequin/Animations/ThirdPersonJump_Loop.uexp" 17
"F:/User02/Documents/fuzzy-shooter/Content/Mannequin/Animations/ThirdPerson_AnimBP.uasset" 18
"F:/User02/Documents/fuzzy-shooter/Content/Mannequin/Animations/ThirdPerson_AnimBP.uexp" 19
"F:/User02/Documents/fuzzy-shooter/Content/Blueprints/Characters/BP_BaseCharacter.uasset" 20
"F:/User02/Documents/fuzzy-shooter/Content/Blueprints/Characters/BP_BaseCharacter.uexp" 21
"F:/User02/Documents/fuzzy-shooter/Content/Blueprints/Characters/BPI_AgentCharacter.uasset" 22
"F:/User02/Documents/fuzzy-shooter/Content/Blueprints/Characters/BPI_AgentCharacter.uexp" 23
"F:/User02/Documents/fuzzy-shooter/Content/Blueprints/Characters/BPI_PlayerCharacter.uasset" 24
"F:/User02/Documents/fuzzy-shooter/Content/Blueprints/Characters/BPI_PlayerCharacter.uexp" 25
"F:/User02/Documents/fuzzy-shooter/Content/Blueprints/Characters/BP_FuzzyAIController.uasset" 26
"F:/User02/Documents/fuzzy-shooter/Content/Blueprints/Characters/BP_FuzzyAIController.uexp" 27
"F:/User02/Documents/fuzzy-shooter/Content/Blueprints/HUD/UI_AgentCharacteristics.uasset" 28
"F:/User02/Documents/fuzzy-shooter/Content/Blueprints/HUD/UI_AgentCharacteristics.uexp" 29
"../../../Engine/Content/EngineMaterials/T_Default_Material_Grid_N.uasset" 30
"../../../Engine/Content/EngineMaterials/T_Default_Material_Grid_N.uexp" 31
"../../../Engine/Content/EngineMaterials/T_Default_Material_Grid_N.ubulk" 32
"../../../Engine/Content/EngineMaterials/T_Default_Material_Grid_M.uasset" 33
"../../../Engine/Content/EngineMaterials/T_Default_Material_Grid_M.uexp" 34
"../../../Engine/Content/EngineMaterials/T_Default_Material_Grid_M.ubulk" 35
"../../../Engine/Content/Functions/Engine_MaterialFunctions01/Opacity/CameraDepthFade.uasset" 36
"../../../Engine/Content/Functions/Engine_MaterialFunctions01/Opacity/CameraDepthFade.uexp" 37
"../../../Engine/Content/EngineMaterials/DefaultMaterial.uasset" 38
"../../../Engine/Content/EngineMaterials/DefaultMaterial.uexp" 39
"F:/User02/Documents/fuzzy-shooter/Content/Meshes/Sphere.uasset" 40
"F:/User02/Documents/fuzzy-shooter/Content/Meshes/Sphere.uexp" 41
"F:/User02/Documents/fuzzy-shooter/Content/Blueprints/Obstacles/BPI_Obstacle.uasset" 42
"F:/User02/Documents/fuzzy-shooter/Content/Blueprints/Obstacles/BPI_Obstacle.uexp" 43
"../../../Engine/Content/BasicShapes/BasicShapeMaterial.uasset" 44
"../../../Engine/Content/BasicShapes/BasicShapeMaterial.uexp" 45
"F:/User02/Documents/fuzzy-shooter/Content/Materials/Highlight.uasset" 46
"F:/User02/Documents/fuzzy-shooter/Content/Materials/Highlight.uexp" 47
"../../../Engine/Content/BasicShapes/Cylinder.uasset" 48
"../../../Engine/Content/BasicShapes/Cylinder.uexp" 49
"F:/User02/Documents/fuzzy-shooter/Content/Blueprints/Obstacles/BP_Obstacle.uasset" 50
"F:/User02/Documents/fuzzy-shooter/Content/Blueprints/Obstacles/BP_Obstacle.uexp" 51
"F:/User02/Documents/fuzzy-shooter/Content/Blueprints/Items/BP_DefaultConsumed.uasset" 52
"F:/User02/Documents/fuzzy-shooter/Content/Blueprints/Items/BP_DefaultConsumed.uexp" 53
"F:/User02/Documents/fuzzy-shooter/Content/Materials/MedKit.uasset" 54
"F:/User02/Documents/fuzzy-shooter/Content/Materials/MedKit.uexp" 55
"F:/User02/Documents/fuzzy-shooter/Content/Blueprints/Items/BP_MedikalKit.uasset" 56
"F:/User02/Documents/fuzzy-shooter/Content/Blueprints/Items/BP_MedikalKit.uexp" 57
"F:/User02/Documents/fuzzy-shooter/Content/Materials/Ammo.uasset" 58
"F:/User02/Documents/fuzzy-shooter/Content/Materials/Ammo.uexp" 59
"../../../Engine/Content/EngineMaterials/WorldGridMaterial.uasset" 60
"../../../Engine/Content/EngineMaterials/WorldGridMaterial.uexp" 61
"F:/User02/Documents/fuzzy-shooter/Content/Meshes/Cube.uasset" 62
"F:/User02/Documents/fuzzy-shooter/Content/Meshes/Cube.uexp" 63
"F:/User02/Documents/fuzzy-shooter/Content/Blueprints/Items/BP_AmmoBox.uasset" 64
"F:/User02/Documents/fuzzy-shooter/Content/Blueprints/Items/BP_AmmoBox.uexp" 65
"F:/User02/Documents/fuzzy-shooter/Content/Materials/Bullet.uasset" 66
"F:/User02/Documents/fuzzy-shooter/Content/Materials/Bullet.uexp" 67
"F:/User02/Documents/fuzzy-shooter/Content/Blueprints/Characters/BP_Bullet.uasset" 68
"F:/User02/Documents/fuzzy-shooter/Content/Blueprints/Characters/BP_Bullet.uexp" 69
"F:/User02/Documents/fuzzy-shooter/Content/Blueprints/Characters/BP_AgentCharacter.uasset" 70
"F:/User02/Documents/fuzzy-shooter/Content/Blueprints/Characters/BP_AgentCharacter.uexp" 71
"F:/User02/Documents/fuzzy-shooter/Content/Blueprints/HUD/UI_PlayerCharacteristics.uasset" 72
"F:/User02/Documents/fuzzy-shooter/Content/Blueprints/HUD/UI_PlayerCharacteristics.uexp" 73
"F:/User02/Documents/fuzzy-shooter/Content/Blueprints/Characters/BP_PlayerCharacter.uasset" 74
"F:/User02/Documents/fuzzy-shooter/Content/Blueprints/Characters/BP_PlayerCharacter.uexp" 75
"F:/User02/Documents/fuzzy-shooter/Content/Blueprints/BP_PlayerControllerFuzzy.uasset" 76
"F:/User02/Documents/fuzzy-shooter/Content/Blueprints/BP_PlayerControllerFuzzy.uexp" 77
"F:/User02/Documents/fuzzy-shooter/Content/Blueprints/BP_GameModeFuzzy.uasset" 78
"F:/User02/Documents/fuzzy-shooter/Content/Blueprints/BP_GameModeFuzzy.uexp" 79
"F:/User02/Documents/fuzzy-shooter/Content/Mannequin/Animations/ThirdPersonJump_End.uasset" 80
"F:/User02/Documents/fuzzy-shooter/Content/Mannequin/Animations/ThirdPersonJump_End.uexp" 81
"F:/User02/Documents/fuzzy-shooter/Content/Mannequin/Character/Materials/MaterialLayers/T_ML_Aluminum01.uasset" 82
"F:/User02/Documents/fuzzy-shooter/Content/Mannequin/Character/Materials/MaterialLayers/T_ML_Aluminum01.uexp" 83
"F:/User02/Documents/fuzzy-shooter/Content/Mannequin/Character/Materials/MaterialLayers/T_ML_Aluminum01.ubulk" 84
"F:/User02/Documents/fuzzy-shooter/Content/Mannequin/Character/Materials/MaterialLayers/T_ML_Aluminum01_N.uasset" 85
"F:/User02/Documents/fuzzy-shooter/Content/Mannequin/Character/Materials/MaterialLayers/T_ML_Aluminum01_N.uexp" 86
"F:/User02/Documents/fuzzy-shooter/Content/Mannequin/Character/Materials/MaterialLayers/T_ML_Aluminum01_N.ubulk" 87
"F:/User02/Documents/fuzzy-shooter/Content/Mannequin/Character/Materials/MaterialLayers/T_ML_Rubber_Blue_01_D.uasset" 88
"F:/User02/Documents/fuzzy-shooter/Content/Mannequin/Character/Materials/MaterialLayers/T_ML_Rubber_Blue_01_D.uexp" 89
"F:/User02/Documents/fuzzy-shooter/Content/Mannequin/Character/Materials/MaterialLayers/T_ML_Rubber_Blue_01_D.ubulk" 90
"F:/User02/Documents/fuzzy-shooter/Content/Mannequin/Character/Materials/MaterialLayers/T_ML_Rubber_Blue_01_N.uasset" 91
"F:/User02/Documents/fuzzy-shooter/Content/Mannequin/Character/Materials/MaterialLayers/T_ML_Rubber_Blue_01_N.uexp" 92
"F:/User02/Documents/fuzzy-shooter/Content/Mannequin/Character/Materials/MaterialLayers/T_ML_Rubber_Blue_01_N.ubulk" 93
"F:/User02/Documents/fuzzy-shooter/Content/Mannequin/Character/Textures/T_Male_Mask.uasset" 94
"F:/User02/Documents/fuzzy-shooter/Content/Mannequin/Character/Textures/T_Male_Mask.uexp" 95
"F:/User02/Documents/fuzzy-shooter/Content/Mannequin/Character/Textures/T_Male_Mask.ubulk" 96
"F:/User02/Documents/fuzzy-shooter/Content/Mannequin/Character/Textures/T_Male_N.uasset" 97
"F:/User02/Documents/fuzzy-shooter/Content/Mannequin/Character/Textures/T_Male_N.uexp" 98
"F:/User02/Documents/fuzzy-shooter/Content/Mannequin/Character/Textures/T_Male_N.ubulk" 99
"F:/User02/Documents/fuzzy-shooter/Content/Mannequin/Character/Textures/T_UE4Logo_Mask.uasset" 100
"F:/User02/Documents/fuzzy-shooter/Content/Mannequin/Character/Textures/T_UE4Logo_Mask.uexp" 101
"F:/User02/Documents/fuzzy-shooter/Content/Mannequin/Character/Textures/T_UE4Logo_Mask.ubulk" 102
"../../../Engine/Content/Functions/Engine_MaterialFunctions02/Utility/BlendAngleCorrectedNormals.uasset" 103
"../../../Engine/Content/Functions/Engine_MaterialFunctions02/Utility/BlendAngleCorrectedNormals.uexp" 104
"../../../Engine/Content/Functions/MaterialLayerFunctions/MatLayerBlend_NormalBlend.uasset" 105
"../../../Engine/Content/Functions/MaterialLayerFunctions/MatLayerBlend_NormalBlend.uexp" 106
"../../../Engine/Content/Functions/MaterialLayerFunctions/MatLayerBlend_Simple.uasset" 107
"../../../Engine/Content/Functions/MaterialLayerFunctions/MatLayerBlend_Simple.uexp" 108
"F:/User02/Documents/fuzzy-shooter/Content/Mannequin/Character/Materials/MaterialLayers/ML_GlossyBlack_Latex_UE4.uasset" 109
"F:/User02/Documents/fuzzy-shooter/Content/Mannequin/Character/Materials/MaterialLayers/ML_GlossyBlack_Latex_UE4.uexp" 110
"F:/User02/Documents/fuzzy-shooter/Content/Mannequin/Character/Materials/MaterialLayers/ML_Plastic_Shiny_Beige.uasset" 111
"F:/User02/Documents/fuzzy-shooter/Content/Mannequin/Character/Materials/MaterialLayers/ML_Plastic_Shiny_Beige.uexp" 112
"F:/User02/Documents/fuzzy-shooter/Content/Mannequin/Character/Materials/MaterialLayers/ML_Plastic_Shiny_Beige_LOGO.uasset" 113
"F:/User02/Documents/fuzzy-shooter/Content/Mannequin/Character/Materials/MaterialLayers/ML_Plastic_Shiny_Beige_LOGO.uexp" 114
"F:/User02/Documents/fuzzy-shooter/Content/Mannequin/Character/Materials/MaterialLayers/ML_SoftMetal_UE4.uasset" 115
"F:/User02/Documents/fuzzy-shooter/Content/Mannequin/Character/Materials/MaterialLayers/ML_SoftMetal_UE4.uexp" 116
"F:/User02/Documents/fuzzy-shooter/Content/Mannequin/Character/Materials/M_Male_Body.uasset" 117
"F:/User02/Documents/fuzzy-shooter/Content/Mannequin/Character/Materials/M_Male_Body.uexp" 118
"F:/User02/Documents/fuzzy-shooter/Content/Mannequin/Character/Textures/T_UE4Logo_N.uasset" 119
"F:/User02/Documents/fuzzy-shooter/Content/Mannequin/Character/Textures/T_UE4Logo_N.uexp" 120
"F:/User02/Documents/fuzzy-shooter/Content/Mannequin/Character/Textures/T_UE4Logo_N.ubulk" 121
"F:/User02/Documents/fuzzy-shooter/Content/Mannequin/Character/Materials/M_UE4Man_ChestLogo.uasset" 122
"F:/User02/Documents/fuzzy-shooter/Content/Mannequin/Character/Materials/M_UE4Man_ChestLogo.uexp" 123
"F:/User02/Documents/fuzzy-shooter/Content/Mannequin/Character/Mesh/SK_Mannequin_PhysicsAsset.uasset" 124
"F:/User02/Documents/fuzzy-shooter/Content/Mannequin/Character/Mesh/SK_Mannequin_PhysicsAsset.uexp" 125
"F:/User02/Documents/fuzzy-shooter/Content/Mannequin/Character/Mesh/SK_Mannequin.uasset" 126
"F:/User02/Documents/fuzzy-shooter/Content/Mannequin/Character/Mesh/SK_Mannequin.uexp" 127
"F:/User02/Documents/fuzzy-shooter/Content/Mannequin/Character/Mesh/SK_Mannequin_Female_PhysicsAsset.uasset" 128
"F:/User02/Documents/fuzzy-shooter/Content/Mannequin/Character/Mesh/SK_Mannequin_Female_PhysicsAsset.uexp" 129
"F:/User02/Documents/fuzzy-shooter/Content/Mannequin/Character/Textures/T_Female_Mask.uasset" 130
"F:/User02/Documents/fuzzy-shooter/Content/Mannequin/Character/Textures/T_Female_Mask.uexp" 131
"F:/User02/Documents/fuzzy-shooter/Content/Mannequin/Character/Textures/T_Female_Mask.ubulk" 132
"F:/User02/Documents/fuzzy-shooter/Content/Mannequin/Character/Textures/T_Female_N.uasset" 133
"F:/User02/Documents/fuzzy-shooter/Content/Mannequin/Character/Textures/T_Female_N.uexp" 134
"F:/User02/Documents/fuzzy-shooter/Content/Mannequin/Character/Textures/T_Female_N.ubulk" 135
"F:/User02/Documents/fuzzy-shooter/Content/Mannequin/Character/Materials/MI_Female_Body.uasset" 136
"F:/User02/Documents/fuzzy-shooter/Content/Mannequin/Character/Materials/MI_Female_Body.uexp" 137
"F:/User02/Documents/fuzzy-shooter/Content/Mannequin/Character/Mesh/SK_Mannequin_Female.uasset" 138
"F:/User02/Documents/fuzzy-shooter/Content/Mannequin/Character/Mesh/SK_Mannequin_Female.uexp" 139
"../../../Engine/Content/Animation/DefaultAnimBoneCompressionSettings.uasset" 140
"../../../Engine/Content/Animation/DefaultAnimBoneCompressionSettings.uexp" 141
"../../../Engine/Content/Animation/DefaultAnimCurveCompressionSettings.uasset" 142
"../../../Engine/Content/Animation/DefaultAnimCurveCompressionSettings.uexp" 143
"../../../Engine/Content/ArtTools/RenderToTexture/Meshes/S_1_Unit_Plane.uasset" 144
"../../../Engine/Content/ArtTools/RenderToTexture/Meshes/S_1_Unit_Plane.uexp" 145
"../../../Engine/Content/BasicShapes/Cone.uasset" 146
"../../../Engine/Content/BasicShapes/Cone.uexp" 147
"../../../Engine/Content/BasicShapes/Plane.uasset" 148
"../../../Engine/Content/BasicShapes/Plane.uexp" 149
"../../../Engine/Content/BasicShapes/Sphere.uasset" 150
"../../../Engine/Content/BasicShapes/Sphere.uexp" 151
"../../../Engine/Content/EditorLandscapeResources/DataLayer.uasset" 152
"../../../Engine/Content/EditorLandscapeResources/DataLayer.uexp" 153
"../../../Engine/Content/EditorLandscapeResources/DefaultAlphaTexture.uasset" 154
"../../../Engine/Content/EditorLandscapeResources/DefaultAlphaTexture.uexp" 155
"../../../Engine/Content/EditorMaterials/MAT_Groups_Toggle.uasset" 156
"../../../Engine/Content/EditorMaterials/MAT_Groups_Toggle.uexp" 157
"../../../Engine/Content/EditorMaterials/MAT_Groups_Visibility.uasset" 158
"../../../Engine/Content/EditorMaterials/MAT_Groups_Visibility.uexp" 159
"../../../Engine/Content/EditorMaterials/PreviewShadowIndicator.uasset" 160
"../../../Engine/Content/EditorMaterials/PreviewShadowIndicator.uexp" 161
"../../../Engine/Content/EditorMaterials/PreviewShadowIndicator.ubulk" 162
"../../../Engine/Content/EditorMaterials/PreviewShadowIndicatorMaterial.uasset" 163
"../../../Engine/Content/EditorMaterials/PreviewShadowIndicatorMaterial.uexp" 164
"../../../Engine/Content/EditorMaterials/MatineeGroups/MAT_ColorTrack.uasset" 165
"../../../Engine/Content/EditorMaterials/MatineeGroups/MAT_ColorTrack.uexp" 166
"../../../Engine/Content/EditorMaterials/MatineeGroups/MAT_Groups_Anim.uasset" 167
"../../../Engine/Content/EditorMaterials/MatineeGroups/MAT_Groups_Anim.uexp" 168
"../../../Engine/Content/EditorMaterials/MatineeGroups/MAT_Groups_AudioMaster.uasset" 169
"../../../Engine/Content/EditorMaterials/MatineeGroups/MAT_Groups_AudioMaster.uexp" 170
"../../../Engine/Content/EditorMaterials/MatineeGroups/MAT_Groups_Director.uasset" 171
"../../../Engine/Content/EditorMaterials/MatineeGroups/MAT_Groups_Director.uexp" 172
"../../../Engine/Content/EditorMaterials/MatineeGroups/MAT_Groups_Event.uasset" 173
"../../../Engine/Content/EditorMaterials/MatineeGroups/MAT_Groups_Event.uexp" 174
"../../../Engine/Content/EditorMaterials/MatineeGroups/MAT_Groups_Fade.uasset" 175
"../../../Engine/Content/EditorMaterials/MatineeGroups/MAT_Groups_Fade.uexp" 176
"../../../Engine/Content/EditorMaterials/MatineeGroups/MAT_Groups_Float.uasset" 177
"../../../Engine/Content/EditorMaterials/MatineeGroups/MAT_Groups_Float.uexp" 178
"../../../Engine/Content/EditorMaterials/MatineeGroups/MAT_Groups_Move.uasset" 179
"../../../Engine/Content/EditorMaterials/MatineeGroups/MAT_Groups_Move.uexp" 180
"../../../Engine/Content/EditorMaterials/MatineeGroups/MAT_Groups_Slomo.uasset" 181
"../../../Engine/Content/EditorMaterials/MatineeGroups/MAT_Groups_Slomo.uexp" 182
"../../../Engine/Content/EditorMaterials/MatineeGroups/MAT_Groups_Sound.uasset" 183
"../../../Engine/Content/EditorMaterials/MatineeGroups/MAT_Groups_Sound.uexp" 184
"../../../Engine/Content/EditorMaterials/MatineeGroups/MAT_Groups_Vector.uasset" 185
"../../../Engine/Content/EditorMaterials/MatineeGroups/MAT_Groups_Vector.uexp" 186
"../../../Engine/Content/EditorMaterials/ParticleSystems/PSysThumbnail_NoImage.uasset" 187
"../../../Engine/Content/EditorMaterials/ParticleSystems/PSysThumbnail_NoImage.uexp" 188
"../../../Engine/Content/EditorMaterials/ParticleSystems/PSysThumbnail_NoImage.ubulk" 189
"../../../Engine/Content/EditorMaterials/ParticleSystems/PSysThumbnail_OOD.uasset" 190
"../../../Engine/Content/EditorMaterials/ParticleSystems/PSysThumbnail_OOD.uexp" 191
"../../../Engine/Content/EditorMaterials/ParticleSystems/PSysThumbnail_OOD.ubulk" 192
"../../../Engine/Content/EditorMaterials/Camera/CineMat.uasset" 193
"../../../Engine/Content/EditorMaterials/Camera/CineMat.uexp" 194
"../../../Engine/Content/EditorMaterials/Camera/MI_CineMat_Rig.uasset" 195
"../../../Engine/Content/EditorMaterials/Camera/MI_CineMat_Rig.uexp" 196
"../../../Engine/Content/EditorMeshes/Camera/SM_CraneRig_Arm.uasset" 197
"../../../Engine/Content/EditorMeshes/Camera/SM_CraneRig_Arm.uexp" 198
"../../../Engine/Content/EditorMeshes/Camera/SM_CraneRig_Base.uasset" 199
"../../../Engine/Content/EditorMeshes/Camera/SM_CraneRig_Base.uexp" 200
"../../../Engine/Content/EditorMeshes/Camera/SM_CraneRig_Body.uasset" 201
"../../../Engine/Content/EditorMeshes/Camera/SM_CraneRig_Body.uexp" 202
"../../../Engine/Content/EditorMeshes/Camera/SM_CraneRig_Mount.uasset" 203
"../../../Engine/Content/EditorMeshes/Camera/SM_CraneRig_Mount.uexp" 204
"../../../Engine/Content/EditorMeshes/Camera/SM_RailRig_Mount.uasset" 205
"../../../Engine/Content/EditorMeshes/Camera/SM_RailRig_Mount.uexp" 206
"../../../Engine/Content/EditorMeshes/Camera/SM_RailRig_Track.uasset" 207
"../../../Engine/Content/EditorMeshes/Camera/SM_RailRig_Track.uexp" 208
"../../../Engine/Content/EditorResources/BSPVertex.uasset" 209
"../../../Engine/Content/EditorResources/BSPVertex.uexp" 210
"../../../Engine/Content/EditorResources/EmptyActor.uasset" 211
"../../../Engine/Content/EditorResources/EmptyActor.uexp" 212
"../../../Engine/Content/EditorResources/S_Actor.uasset" 213
"../../../Engine/Content/EditorResources/S_Actor.uexp" 214
"../../../Engine/Content/EditorResources/S_Actor.ubulk" 215
"../../../Engine/Content/EditorResources/S_Note.uasset" 216
"../../../Engine/Content/EditorResources/S_Note.uexp" 217
"../../../Engine/Content/EditorResources/S_Note.ubulk" 218
"../../../Engine/Content/EditorResources/S_Solver.uasset" 219
"../../../Engine/Content/EditorResources/S_Solver.uexp" 220
"../../../Engine/Content/EditorResources/S_Solver.ubulk" 221
"../../../Engine/Content/EditorResources/S_Terrain.uasset" 222
"../../../Engine/Content/EditorResources/S_Terrain.uexp" 223
"../../../Engine/Content/EditorResources/S_Terrain.ubulk" 224
"../../../Engine/Content/EditorResources/S_Trigger.uasset" 225
"../../../Engine/Content/EditorResources/S_Trigger.uexp" 226
"../../../Engine/Content/EditorResources/S_Trigger.ubulk" 227
"../../../Engine/Content/EditorResources/LightIcons/S_LightError.uasset" 228
"../../../Engine/Content/EditorResources/LightIcons/S_LightError.uexp" 229
"../../../Engine/Content/EditorResources/SequenceRecorder/Countdown.uasset" 230
"../../../Engine/Content/EditorResources/SequenceRecorder/Countdown.uexp" 231
"../../../Engine/Content/EditorResources/SequenceRecorder/RecordingIndicator.uasset" 232
"../../../Engine/Content/EditorResources/SequenceRecorder/RecordingIndicator.uexp" 233
"../../../Engine/Content/EngineDamageTypes/DmgTypeBP_Environmental.uasset" 234
"../../../Engine/Content/EngineDamageTypes/DmgTypeBP_Environmental.uexp" 235
"../../../Engine/Content/EngineDebugMaterials/DebugEditorMaterial.uasset" 236
"../../../Engine/Content/EngineDebugMaterials/DebugEditorMaterial.uexp" 237
"../../../Engine/Content/EngineDebugMaterials/DebugMeshMaterial.uasset" 238
"../../../Engine/Content/EngineDebugMaterials/DebugMeshMaterial.uexp" 239
"../../../Engine/Content/EngineDebugMaterials/M_SimpleUnlitTranslucent.uasset" 240
"../../../Engine/Content/EngineDebugMaterials/M_SimpleUnlitTranslucent.uexp" 241
"../../../Engine/Content/EngineDebugMaterials/VolumeToRender.uasset" 242
"../../../Engine/Content/EngineDebugMaterials/VolumeToRender.uexp" 243
"../../../Engine/Content/Functions/Engine_MaterialFunctions02/Utility/CameraDirectionVector.uasset" 244
"../../../Engine/Content/Functions/Engine_MaterialFunctions02/Utility/CameraDirectionVector.uexp" 245
"../../../Engine/Content/EngineDebugMaterials/M_VolumeRenderSphereTracePP.uasset" 246
"../../../Engine/Content/EngineDebugMaterials/M_VolumeRenderSphereTracePP.uexp" 247
"../../../Engine/Content/Functions/Engine_MaterialFunctions01/Shading/ConvertFromDiffSpec.uasset" 248
"../../../Engine/Content/Functions/Engine_MaterialFunctions01/Shading/ConvertFromDiffSpec.uexp" 249
"../../../Engine/Content/EngineDebugMaterials/VertexColorMaterial.uasset" 250
"../../../Engine/Content/EngineDebugMaterials/VertexColorMaterial.uexp" 251
"../../../Engine/Content/EngineDebugMaterials/WireframeMaterial.uasset" 252
"../../../Engine/Content/EngineDebugMaterials/WireframeMaterial.uexp" 253
"../../../Engine/Content/EngineFonts/Faces/RobotoRegular.uasset" 254
"../../../Engine/Content/EngineFonts/Faces/RobotoRegular.uexp" 255
"../../../Engine/Content/EngineFonts/Faces/RobotoRegular.ufont" 256
"../../../Engine/Content/EngineFonts/Faces/RobotoLight.uasset" 257
"../../../Engine/Content/EngineFonts/Faces/RobotoLight.uexp" 258
"../../../Engine/Content/EngineFonts/Faces/RobotoLight.ufont" 259
"../../../Engine/Content/EngineFonts/Faces/RobotoItalic.uasset" 260
"../../../Engine/Content/EngineFonts/Faces/RobotoItalic.uexp" 261
"../../../Engine/Content/EngineFonts/Faces/RobotoItalic.ufont" 262
"../../../Engine/Content/EngineFonts/Faces/RobotoBoldItalic.uasset" 263
"../../../Engine/Content/EngineFonts/Faces/RobotoBoldItalic.uexp" 264
"../../../Engine/Content/EngineFonts/Faces/RobotoBoldItalic.ufont" 265
"../../../Engine/Content/EngineFonts/Faces/RobotoBold.uasset" 266
"../../../Engine/Content/EngineFonts/Faces/RobotoBold.uexp" 267
"../../../Engine/Content/EngineFonts/Faces/RobotoBold.ufont" 268
"../../../Engine/Content/EngineFonts/Faces/DroidSansFallback.uasset" 269
"../../../Engine/Content/EngineFonts/Faces/DroidSansFallback.uexp" 270
"../../../Engine/Content/EngineFonts/Faces/DroidSansFallback.ufont" 271
"../../../Engine/Content/EngineFonts/Roboto.uasset" 272
"../../../Engine/Content/EngineFonts/Roboto.uexp" 273
"../../../Engine/Content/EngineMaterials/BaseFlattenNormalMap.uasset" 274
"../../../Engine/Content/EngineMaterials/BaseFlattenNormalMap.uexp" 275
"../../../Engine/Content/EngineMaterials/BaseFlattenGrayscaleMap.uasset" 276
"../../../Engine/Content/EngineMaterials/BaseFlattenGrayscaleMap.uexp" 277
"../../../Engine/Content/EngineMaterials/BaseFlattenEmissiveMap.uasset" 278
"../../../Engine/Content/EngineMaterials/BaseFlattenEmissiveMap.uexp" 279
"../../../Engine/Content/EngineMaterials/BaseFlattenDiffuseMap.uasset" 280
"../../../Engine/Content/EngineMaterials/BaseFlattenDiffuseMap.uexp" 281
"../../../Engine/Content/EngineMaterials/BaseFlattenMaterial.uasset" 282
"../../../Engine/Content/EngineMaterials/BaseFlattenMaterial.uexp" 283
"../../../Engine/Content/EngineMaterials/BlueNoise.uasset" 284
"../../../Engine/Content/EngineMaterials/BlueNoise.uexp" 285
"../../../Engine/Content/EngineMaterials/DefaultBloomKernel.uasset" 286
"../../../Engine/Content/EngineMaterials/DefaultBloomKernel.uexp" 287
"../../../Engine/Content/EngineMaterials/DefaultBokeh.uasset" 288
"../../../Engine/Content/EngineMaterials/DefaultBokeh.uexp" 289
"../../../Engine/Content/EngineMaterials/DefaultDiffuse.uasset" 290
"../../../Engine/Content/EngineMaterials/DefaultDiffuse.uexp" 291
"../../../Engine/Content/EngineMaterials/DefaultDiffuse.ubulk" 292
"../../../Engine/Content/EngineMaterials/DefaultDeferredDecalMaterial.uasset" 293
"../../../Engine/Content/EngineMaterials/DefaultDeferredDecalMaterial.uexp" 294
"../../../Engine/Content/EngineMaterials/DefaultLightFunctionMaterial.uasset" 295
"../../../Engine/Content/EngineMaterials/DefaultLightFunctionMaterial.uexp" 296
"../../../Engine/Content/EngineMaterials/DefaultPhysicalMaterial.uasset" 297
"../../../Engine/Content/EngineMaterials/DefaultPhysicalMaterial.uexp" 298
"../../../Engine/Content/Functions/Engine_MaterialFunctions02/Utility/BreakOutFloat2Components.uasset" 299
"../../../Engine/Content/Functions/Engine_MaterialFunctions02/Utility/BreakOutFloat2Components.uexp" 300
"../../../Engine/Content/EngineMaterials/DefaultPostProcessMaterial.uasset" 301
"../../../Engine/Content/EngineMaterials/DefaultPostProcessMaterial.uexp" 302
"../../../Engine/Content/EngineFonts/RobotoDistanceField.uasset" 303
"../../../Engine/Content/EngineFonts/RobotoDistanceField.uexp" 304
"../../../Engine/Content/EngineMaterials/DefaultTextMaterialOpaque.uasset" 305
"../../../Engine/Content/EngineMaterials/DefaultTextMaterialOpaque.uexp" 306
"../../../Engine/Content/EngineMaterials/DefaultWhiteGrid.uasset" 307
"../../../Engine/Content/EngineMaterials/DefaultWhiteGrid.uexp" 308
"../../../Engine/Content/EngineMaterials/DefaultWhiteGrid.ubulk" 309
"../../../Engine/Content/EngineMaterials/DefaultWhiteGrid_Low.uasset" 310
"../../../Engine/Content/EngineMaterials/DefaultWhiteGrid_Low.uexp" 311
"../../../Engine/Content/EngineMaterials/EmissiveMeshMaterial.uasset" 312
"../../../Engine/Content/EngineMaterials/EmissiveMeshMaterial.uexp" 313
"../../../Engine/Content/EngineMaterials/GizmoMaterial.uasset" 314
"../../../Engine/Content/EngineMaterials/GizmoMaterial.uexp" 315
"../../../Engine/Content/EngineMaterials/Good64x64TilingNoiseHighFreq.uasset" 316
"../../../Engine/Content/EngineMaterials/Good64x64TilingNoiseHighFreq.uexp" 317
"../../../Engine/Content/EngineMaterials/MiniFont.uasset" 318
"../../../Engine/Content/EngineMaterials/MiniFont.uexp" 319
"../../../Engine/Content/EngineMaterials/InvalidLightmapSettings.uasset" 320
"../../../Engine/Content/EngineMaterials/InvalidLightmapSettings.uexp" 321
"../../../Engine/Content/EngineMaterials/InvalidLightmapSettings.ubulk" 322
"../../../Engine/Content/EngineMaterials/M_InvalidLightmapSettings.uasset" 323
"../../../Engine/Content/EngineMaterials/M_InvalidLightmapSettings.uexp" 324
"../../../Engine/Content/Functions/Engine_MaterialFunctions02/WorldPositionOffset/CameraOffset.uasset" 325
"../../../Engine/Content/Functions/Engine_MaterialFunctions02/WorldPositionOffset/CameraOffset.uexp" 326
"../../../Engine/Content/EngineMaterials/PhAT_JointLimitMaterial.uasset" 327
"../../../Engine/Content/EngineMaterials/PhAT_JointLimitMaterial.uexp" 328
"../../../Engine/Content/EngineMaterials/DefaultCalibrationColor.uasset" 329
"../../../Engine/Content/EngineMaterials/DefaultCalibrationColor.uexp" 330
"../../../Engine/Content/EngineMaterials/PPM_DefaultCalibrationColor.uasset" 331
"../../../Engine/Content/EngineMaterials/PPM_DefaultCalibrationColor.uexp" 332
"../../../Engine/Content/EngineMaterials/DefaultCalibrationGrayscale.uasset" 333
"../../../Engine/Content/EngineMaterials/DefaultCalibrationGrayscale.uexp" 334
"../../../Engine/Content/EngineMaterials/PPM_DefaultCalibrationGrayscale.uasset" 335
"../../../Engine/Content/EngineMaterials/PPM_DefaultCalibrationGrayscale.uexp" 336
"../../../Engine/Content/EngineMaterials/PreintegratedSkinBRDF.uasset" 337
"../../../Engine/Content/EngineMaterials/PreintegratedSkinBRDF.uexp" 338
"../../../Engine/Content/EngineMaterials/RemoveSurfaceMaterial.uasset" 339
"../../../Engine/Content/EngineMaterials/RemoveSurfaceMaterial.uexp" 340
"../../../Engine/Content/EngineMaterials/WeightMapPlaceholderTexture.uasset" 341
"../../../Engine/Content/EngineMaterials/WeightMapPlaceholderTexture.uexp" 342
"../../../Engine/Content/EngineResources/WhiteSquareTexture.uasset" 343
"../../../Engine/Content/EngineResources/WhiteSquareTexture.uexp" 344
"../../../Engine/Content/EngineMaterials/Widget3DPassThrough.uasset" 345
"../../../Engine/Content/EngineMaterials/Widget3DPassThrough.uexp" 346
"../../../Engine/Content/EngineMaterials/Widget3DPassThrough_Masked.uasset" 347
"../../../Engine/Content/EngineMaterials/Widget3DPassThrough_Masked.uexp" 348
"../../../Engine/Content/EngineMaterials/Widget3DPassThrough_Opaque.uasset" 349
"../../../Engine/Content/EngineMaterials/Widget3DPassThrough_Opaque.uexp" 350
"../../../Engine/Content/EngineMaterials/Widget3DPassThrough_Masked_OneSided.uasset" 351
"../../../Engine/Content/EngineMaterials/Widget3DPassThrough_Masked_OneSided.uexp" 352
"../../../Engine/Content/EngineMaterials/Widget3DPassThrough_Opaque_OneSided.uasset" 353
"../../../Engine/Content/EngineMaterials/Widget3DPassThrough_Opaque_OneSided.uexp" 354
"../../../Engine/Content/EngineMaterials/Widget3DPassThrough_Translucent.uasset" 355
"../../../Engine/Content/EngineMaterials/Widget3DPassThrough_Translucent.uexp" 356
"../../../Engine/Content/EngineMaterials/Widget3DPassThrough_Translucent_OneSided.uasset" 357
"../../../Engine/Content/EngineMaterials/Widget3DPassThrough_Translucent_OneSided.uexp" 358
"../../../Engine/Content/EngineMeshes/Cylinder.uasset" 359
"../../../Engine/Content/EngineMeshes/Cylinder.uexp" 360
"../../../Engine/Content/EngineMeshes/Sphere.uasset" 361
"../../../Engine/Content/EngineMeshes/Sphere.uexp" 362
"../../../Engine/Content/EngineResources/DefaultTexture.uasset" 363
"../../../Engine/Content/EngineResources/DefaultTexture.uexp" 364
"../../../Engine/Content/EngineResources/DefaultTexture.ubulk" 365
"../../../Engine/Content/EngineResources/DefaultTextureCube.uasset" 366
"../../../Engine/Content/EngineResources/DefaultTextureCube.uexp" 367
"../../../Engine/Content/EngineResources/DefaultVolumeTexture2D.uasset" 368
"../../../Engine/Content/EngineResources/DefaultVolumeTexture2D.uexp" 369
"../../../Engine/Content/EngineResources/DefaultVolumeTexture.uasset" 370
"../../../Engine/Content/EngineResources/DefaultVolumeTexture.uexp" 371
"../../../Engine/Content/EngineResources/GradientTexture0.uasset" 372
"../../../Engine/Content/EngineResources/GradientTexture0.uexp" 373
"../../../Engine/Content/EngineSky/VolumetricClouds/T_NoiseShape64.uasset" 374
"../../../Engine/Content/EngineSky/VolumetricClouds/T_NoiseShape64.uexp" 375
"../../../Engine/Content/EngineSky/VolumetricClouds/T_NoiseShape64.ubulk" 376
"../../../Engine/Content/EngineSky/VolumetricClouds/T_VolumeNoiseShape64.uasset" 377
"../../../Engine/Content/EngineSky/VolumetricClouds/T_VolumeNoiseShape64.uexp" 378
"../../../Engine/Content/EngineSky/VolumetricClouds/T_NoiseErosion.uasset" 379
"../../../Engine/Content/EngineSky/VolumetricClouds/T_NoiseErosion.uexp" 380
"../../../Engine/Content/EngineSky/VolumetricClouds/T_NoiseErosion.ubulk" 381
"../../../Engine/Content/EngineSky/VolumetricClouds/T_VolumeNoiseErosion32.uasset" 382
"../../../Engine/Content/EngineSky/VolumetricClouds/T_VolumeNoiseErosion32.uexp" 383
"../../../Engine/Content/EngineSky/VolumetricClouds/CloudWeatherTexture.uasset" 384
"../../../Engine/Content/EngineSky/VolumetricClouds/CloudWeatherTexture.uexp" 385
"../../../Engine/Content/EngineSky/VolumetricClouds/CloudGradientTexture.uasset" 386
"../../../Engine/Content/EngineSky/VolumetricClouds/CloudGradientTexture.uexp" 387
"../../../Engine/Content/Functions/Engine_MaterialFunctions02/Utility/MakeFloat2.uasset" 388
"../../../Engine/Content/Functions/Engine_MaterialFunctions02/Utility/MakeFloat2.uexp" 389
"../../../Engine/Content/EngineSky/VolumetricClouds/m_SimpleVolumetricCloud.uasset" 390
"../../../Engine/Content/EngineSky/VolumetricClouds/m_SimpleVolumetricCloud.uexp" 391
"../../../Engine/Content/EngineSky/VolumetricClouds/m_SimpleVolumetricCloud_Inst.uasset" 392
"../../../Engine/Content/EngineSky/VolumetricClouds/m_SimpleVolumetricCloud_Inst.uexp" 393
"../../../Engine/Content/EngineSounds/Master.uasset" 394
"../../../Engine/Content/EngineSounds/Master.uexp" 395
"../../../Engine/Content/Functions/Engine_MaterialFunctions01/Shading/PowerToRoughness.uasset" 396
"../../../Engine/Content/Functions/Engine_MaterialFunctions01/Shading/PowerToRoughness.uexp" 397
"../../../Engine/Content/Maps/Templates/Thumbnails/Default.uasset" 398
"../../../Engine/Content/Maps/Templates/Thumbnails/Default.uexp" 399
"../../../Engine/Content/Maps/Templates/Thumbnails/TimeOfDay.uasset" 400
"../../../Engine/Content/Maps/Templates/Thumbnails/TimeOfDay.uexp" 401
"../../../Engine/Content/Maps/Templates/Thumbnails/VR-Basic.uasset" 402
"../../../Engine/Content/Maps/Templates/Thumbnails/VR-Basic.uexp" 403
"../../../Engine/Content/MobileResources/T_MobileControls_texture.uasset" 404
"../../../Engine/Content/MobileResources/T_MobileControls_texture.uexp" 405
"../../../Engine/Content/MobileResources/T_MobileMenu2.uasset" 406
"../../../Engine/Content/MobileResources/T_MobileMenu2.uexp" 407
"../../../Engine/Content/MobileResources/HUD/AnalogHat.uasset" 408
"../../../Engine/Content/MobileResources/HUD/AnalogHat.uexp" 409
"../../../Engine/Content/MobileResources/HUD/VirtualJoystick_Thumb.uasset" 410
"../../../Engine/Content/MobileResources/HUD/VirtualJoystick_Thumb.uexp" 411
"../../../Engine/Content/MobileResources/HUD/VirtualJoystick_Background.uasset" 412
"../../../Engine/Content/MobileResources/HUD/VirtualJoystick_Background.uexp" 413
"../../../Engine/Content/MobileResources/HUD/DefaultVirtualJoysticks.uasset" 414
"../../../Engine/Content/MobileResources/HUD/DefaultVirtualJoysticks.uexp" 415
"../../../Engine/Content/MobileResources/HUD/LeftVirtualJoystickOnly.uasset" 416
"../../../Engine/Content/MobileResources/HUD/LeftVirtualJoystickOnly.uexp" 417
"../../../Engine/Content/MobileResources/HUD/MobileHUDButton1_off.uasset" 418
"../../../Engine/Content/MobileResources/HUD/MobileHUDButton1_off.uexp" 419
"../../../Engine/Content/MobileResources/HUD/MobileHUDButton1_on.uasset" 420
"../../../Engine/Content/MobileResources/HUD/MobileHUDButton1_on.uexp" 421
"../../../Engine/Content/MobileResources/HUD/MobileHUDButton2_off.uasset" 422
"../../../Engine/Content/MobileResources/HUD/MobileHUDButton2_off.uexp" 423
"../../../Engine/Content/MobileResources/HUD/MobileHUDButton2_on.uasset" 424
"../../../Engine/Content/MobileResources/HUD/MobileHUDButton2_on.uexp" 425
"../../../Engine/Content/MobileResources/HUD/MobileHUDButton3.uasset" 426
"../../../Engine/Content/MobileResources/HUD/MobileHUDButton3.uexp" 427
"../../../Engine/Content/MobileResources/HUD/MobileHUDButtonFire.uasset" 428
"../../../Engine/Content/MobileResources/HUD/MobileHUDButtonFire.uexp" 429
"../../../Engine/Content/MobileResources/HUD/MobileHUDDirectionPad.uasset" 430
"../../../Engine/Content/MobileResources/HUD/MobileHUDDirectionPad.uexp" 431
"../../../Engine/Content/MobileResources/HUD/MobileHUDDirectionPad2.uasset" 432
"../../../Engine/Content/MobileResources/HUD/MobileHUDDirectionPad2.uexp" 433
"../../../Engine/Content/MobileResources/HUD/MobileHUDDirectionPad3.uasset" 434
"../../../Engine/Content/MobileResources/HUD/MobileHUDDirectionPad3.uexp" 435
"../../../Engine/Content/MobileResources/HUD/MobileHUDDirectionStick.uasset" 436
"../../../Engine/Content/MobileResources/HUD/MobileHUDDirectionStick.uexp" 437
"../../../Engine/Content/MobileResources/HUD/T_Castle_ThumbstickInner.uasset" 438
"../../../Engine/Content/MobileResources/HUD/T_Castle_ThumbstickInner.uexp" 439
"../../../Engine/Content/MobileResources/HUD/T_Castle_ThumbstickOutter.uasset" 440
"../../../Engine/Content/MobileResources/HUD/T_Castle_ThumbstickOutter.uexp" 441
"../../../Engine/Content/Tutorial/ContentIntroCurve.uasset" 442
"../../../Engine/Content/Tutorial/ContentIntroCurve.uexp" 443
"../../../Engine/Content/VREditor/TransformGizmo/TranslucentTransformGizmoMaterial.uasset" 444
"../../../Engine/Content/VREditor/TransformGizmo/TranslucentTransformGizmoMaterial.uexp" 445
"../../../Engine/Content/VREditor/LaserPointer/VR_LaserPower_01.uasset" 446
"../../../Engine/Content/VREditor/LaserPointer/VR_LaserPower_01.uexp" 447
"../../../Engine/Content/VREditor/LaserPointer/VR_LaserPower_01.ubulk" 448
"../../../Engine/Content/VREditor/TransformGizmo/TransformGizmoMaterial.uasset" 449
"../../../Engine/Content/VREditor/TransformGizmo/TransformGizmoMaterial.uexp" 450
"../../../Engine/Content/VREditor/TransformGizmo/BoundingBoxCorner.uasset" 451
"../../../Engine/Content/VREditor/TransformGizmo/BoundingBoxCorner.uexp" 452
"../../../Engine/Content/VREditor/TransformGizmo/BoundingBoxEdge.uasset" 453
"../../../Engine/Content/VREditor/TransformGizmo/BoundingBoxEdge.uexp" 454
"../../../Engine/Content/VREditor/TransformGizmo/PlaneTranslationHandle.uasset" 455
"../../../Engine/Content/VREditor/TransformGizmo/PlaneTranslationHandle.uexp" 456
"../../../Engine/Content/VREditor/TransformGizmo/Xray.uasset" 457
"../../../Engine/Content/VREditor/TransformGizmo/Xray.uexp" 458
"../../../Engine/Content/VREditor/TransformGizmo/Main.uasset" 459
"../../../Engine/Content/VREditor/TransformGizmo/Main.uexp" 460
"../../../Engine/Content/VREditor/TransformGizmo/SM_Sequencer_Key.uasset" 461
"../../../Engine/Content/VREditor/TransformGizmo/SM_Sequencer_Key.uexp" 462
"../../../Engine/Content/VREditor/TransformGizmo/SM_Sequencer_Node.uasset" 463
"../../../Engine/Content/VREditor/TransformGizmo/SM_Sequencer_Node.uexp" 464
"../../../Engine/Plugins/2D/Paper2D/Content/PlaceholderTextures/DummySpriteTexture.uasset" 465
"../../../Engine/Plugins/2D/Paper2D/Content/PlaceholderTextures/DummySpriteTexture.uexp" 466
"../../../Engine/Plugins/2D/Paper2D/Content/PlaceholderTextures/DummySpriteTexture.ubulk" 467
"../../../Engine/Plugins/2D/Paper2D/Content/DummySprite.uasset" 468
"../../../Engine/Plugins/2D/Paper2D/Content/DummySprite.uexp" 469
"../../../Engine/Plugins/2D/Paper2D/Content/DefaultPaperTerrainMaterial.uasset" 470
"../../../Engine/Plugins/2D/Paper2D/Content/DefaultPaperTerrainMaterial.uexp" 471
"../../../Engine/Plugins/2D/Paper2D/Content/DefaultSpriteMaterial.uasset" 472
"../../../Engine/Plugins/2D/Paper2D/Content/DefaultSpriteMaterial.uexp" 473
"../../../Engine/Plugins/2D/Paper2D/Content/MaskedUnlitSpriteMaterial.uasset" 474
"../../../Engine/Plugins/2D/Paper2D/Content/MaskedUnlitSpriteMaterial.uexp" 475
"../../../Engine/Plugins/2D/Paper2D/Content/OpaqueUnlitSpriteMaterial.uasset" 476
"../../../Engine/Plugins/2D/Paper2D/Content/OpaqueUnlitSpriteMaterial.uexp" 477
"../../../Engine/Content/Functions/Engine_MaterialFunctions02/Utility/BreakOutFloat3Components.uasset" 478
"../../../Engine/Content/Functions/Engine_MaterialFunctions02/Utility/BreakOutFloat3Components.uexp" 479
"../../../Engine/Plugins/Editor/SpeedTreeImporter/Content/SpeedTree9/UnpackInteger3.uasset" 480
"../../../Engine/Plugins/Editor/SpeedTreeImporter/Content/SpeedTree9/UnpackInteger3.uexp" 481
"../../../Engine/Plugins/Editor/SpeedTreeImporter/Content/SpeedTree9/UnpackDirection.uasset" 482
"../../../Engine/Plugins/Editor/SpeedTreeImporter/Content/SpeedTree9/UnpackDirection.uexp" 483
"../../../Engine/Plugins/Editor/SpeedTreeImporter/Content/SpeedTree9/game_wind_noise.uasset" 484
"../../../Engine/Plugins/Editor/SpeedTreeImporter/Content/SpeedTree9/game_wind_noise.uexp" 485
"../../../Engine/Plugins/Editor/SpeedTreeImporter/Content/SpeedTree9/game_wind_noise.ubulk" 486
"../../../Engine/Content/Functions/Engine_MaterialFunctions02/SafeNormalize.uasset" 487
"../../../Engine/Content/Functions/Engine_MaterialFunctions02/SafeNormalize.uexp" 488
"../../../Engine/Plugins/Editor/SpeedTreeImporter/Content/SpeedTree9/SpeedTreeWindMotion.uasset" 489
"../../../Engine/Plugins/Editor/SpeedTreeImporter/Content/SpeedTree9/SpeedTreeWindMotion.uexp" 490
"../../../Engine/Plugins/Editor/SpeedTreeImporter/Content/SpeedTree9/SpeedTreeBranchMotion.uasset" 491
"../../../Engine/Plugins/Editor/SpeedTreeImporter/Content/SpeedTree9/SpeedTreeBranchMotion.uexp" 492
"../../../Engine/Content/Functions/Engine_MaterialFunctions02/ObjectLocalBounds.uasset" 493
"../../../Engine/Content/Functions/Engine_MaterialFunctions02/ObjectLocalBounds.uexp" 494
"../../../Engine/Content/Functions/Engine_MaterialFunctions02/UVs/BoundingBoxBased_0-1_UVW.uasset" 495
"../../../Engine/Content/Functions/Engine_MaterialFunctions02/UVs/BoundingBoxBased_0-1_UVW.uexp" 496
"../../../Engine/Content/Functions/Engine_MaterialFunctions02/Utility/VectorLength.uasset" 497
"../../../Engine/Content/Functions/Engine_MaterialFunctions02/Utility/VectorLength.uexp" 498
"../../../Engine/Content/Functions/Engine_MaterialFunctions02/WorldPositionOffset/ObjectScale.uasset" 499
"../../../Engine/Content/Functions/Engine_MaterialFunctions02/WorldPositionOffset/ObjectScale.uexp" 500
"../../../Engine/Plugins/Editor/SpeedTreeImporter/Content/SpeedTree9/SpeedTreeWind.uasset" 501
"../../../Engine/Plugins/Editor/SpeedTreeImporter/Content/SpeedTree9/SpeedTreeWind.uexp" 502
"../../../Engine/Plugins/Editor/SpeedTreeImporter/Content/SpeedTree9/SpeedTreeBillboard.uasset" 503
"../../../Engine/Plugins/Editor/SpeedTreeImporter/Content/SpeedTree9/SpeedTreeBillboard.uexp" 504
"../../../Engine/Plugins/Editor/SpeedTreeImporter/Content/SpeedTree9/EmptyNormal.uasset" 505
"../../../Engine/Plugins/Editor/SpeedTreeImporter/Content/SpeedTree9/EmptyNormal.uexp" 506
"../../../Engine/Plugins/Editor/SpeedTreeImporter/Content/SpeedTree9/Empty.uasset" 507
"../../../Engine/Plugins/Editor/SpeedTreeImporter/Content/SpeedTree9/Empty.uexp" 508
"../../../Engine/Plugins/Editor/SpeedTreeImporter/Content/SpeedTree9/SpeedTreeBillboardMaster.uasset" 509
"../../../Engine/Plugins/Editor/SpeedTreeImporter/Content/SpeedTree9/SpeedTreeBillboardMaster.uexp" 510
"../../../Engine/Plugins/Editor/SpeedTreeImporter/Content/SpeedTree9/SpeedTreeCameraFacing.uasset" 511
"../../../Engine/Plugins/Editor/SpeedTreeImporter/Content/SpeedTree9/SpeedTreeCameraFacing.uexp" 512
"../../../Engine/Plugins/Editor/SpeedTreeImporter/Content/SpeedTree9/SpeedTreeMaster.uasset" 513
"../../../Engine/Plugins/Editor/SpeedTreeImporter/Content/SpeedTree9/SpeedTreeMaster.uexp" 514
"../../../Engine/Content/ArtTools/RenderToTexture/Materials/Debug/M_Emissive_Color.uasset" 515
"../../../Engine/Content/ArtTools/RenderToTexture/Materials/Debug/M_Emissive_Color.uexp" 516
"../../../Engine/Plugins/Lumin/MagicLeapPassableWorld/Content/MagicLeapARPinInfoActor.uasset" 517
"../../../Engine/Plugins/Lumin/MagicLeapPassableWorld/Content/MagicLeapARPinInfoActor.uexp" 518
"../../../Engine/Plugins/Runtime/OpenXR/Content/Devices/GoogleDaydream/MRTexture.uasset" 519
"../../../Engine/Plugins/Runtime/OpenXR/Content/Devices/GoogleDaydream/MRTexture.uexp" 520
"../../../Engine/Plugins/Runtime/OpenXR/Content/Devices/GoogleDaydream/MRTexture.ubulk" 521
"../../../Engine/Plugins/Runtime/OpenXR/Content/Devices/GoogleDaydream/BaseTexture.uasset" 522
"../../../Engine/Plugins/Runtime/OpenXR/Content/Devices/GoogleDaydream/BaseTexture.uexp" 523
"../../../Engine/Plugins/Runtime/OpenXR/Content/Devices/GoogleDaydream/BaseTexture.ubulk" 524
"../../../Engine/Content/EngineResources/Black.uasset" 525
"../../../Engine/Content/EngineResources/Black.uexp" 526
"../../../Engine/Plugins/Runtime/OpenXR/Content/Devices/M_XRController.uasset" 527
"../../../Engine/Plugins/Runtime/OpenXR/Content/Devices/M_XRController.uexp" 528
"../../../Engine/Plugins/Runtime/OpenXR/Content/Devices/GoogleDaydream/MI_GoogleDaydream.uasset" 529
"../../../Engine/Plugins/Runtime/OpenXR/Content/Devices/GoogleDaydream/MI_GoogleDaydream.uexp" 530
"../../../Engine/Plugins/Runtime/OpenXR/Content/Devices/GoogleDaydream/GoogleDaydreamController.uasset" 531
"../../../Engine/Plugins/Runtime/OpenXR/Content/Devices/GoogleDaydream/GoogleDaydreamController.uexp" 532
"../../../Engine/Plugins/Runtime/OpenXR/Content/Devices/HTCVive/BaseTexture.uasset" 533
"../../../Engine/Plugins/Runtime/OpenXR/Content/Devices/HTCVive/BaseTexture.uexp" 534
"../../../Engine/Plugins/Runtime/OpenXR/Content/Devices/HTCVive/BaseTexture.ubulk" 535
"../../../Engine/Plugins/Runtime/OpenXR/Content/Devices/HTCVive/MI_HTCVive.uasset" 536
"../../../Engine/Plugins/Runtime/OpenXR/Content/Devices/HTCVive/MI_HTCVive.uexp" 537
"../../../Engine/Plugins/Runtime/OpenXR/Content/Devices/HTCVive/HTCViveController.uasset" 538
"../../../Engine/Plugins/Runtime/OpenXR/Content/Devices/HTCVive/HTCViveController.uexp" 539
"../../../Engine/Plugins/Runtime/OpenXR/Content/Devices/MicrosoftMixedReality/NormalTexture.uasset" 540
"../../../Engine/Plugins/Runtime/OpenXR/Content/Devices/MicrosoftMixedReality/NormalTexture.uexp" 541
"../../../Engine/Plugins/Runtime/OpenXR/Content/Devices/MicrosoftMixedReality/NormalTexture.ubulk" 542
"../../../Engine/Plugins/Runtime/OpenXR/Content/Devices/MicrosoftMixedReality/MRTexture.uasset" 543
"../../../Engine/Plugins/Runtime/OpenXR/Content/Devices/MicrosoftMixedReality/MRTexture.uexp" 544
"../../../Engine/Plugins/Runtime/OpenXR/Content/Devices/MicrosoftMixedReality/MRTexture.ubulk" 545
"../../../Engine/Plugins/Runtime/OpenXR/Content/Devices/MicrosoftMixedReality/EmissiveTexture.uasset" 546
"../../../Engine/Plugins/Runtime/OpenXR/Content/Devices/MicrosoftMixedReality/EmissiveTexture.uexp" 547
"../../../Engine/Plugins/Runtime/OpenXR/Content/Devices/MicrosoftMixedReality/EmissiveTexture.ubulk" 548
"../../../Engine/Plugins/Runtime/OpenXR/Content/Devices/MicrosoftMixedReality/BaseTexture.uasset" 549
"../../../Engine/Plugins/Runtime/OpenXR/Content/Devices/MicrosoftMixedReality/BaseTexture.uexp" 550
"../../../Engine/Plugins/Runtime/OpenXR/Content/Devices/MicrosoftMixedReality/BaseTexture.ubulk" 551
"../../../Engine/Plugins/Runtime/OpenXR/Content/Devices/MicrosoftMixedReality/MI_MicrosoftMixedReality.uasset" 552
"../../../Engine/Plugins/Runtime/OpenXR/Content/Devices/MicrosoftMixedReality/MI_MicrosoftMixedReality.uexp" 553
"../../../Engine/Plugins/Runtime/OpenXR/Content/Devices/MicrosoftMixedReality/Left/left_MicrosoftMixedRealityController.uasset" 554
"../../../Engine/Plugins/Runtime/OpenXR/Content/Devices/MicrosoftMixedReality/Left/left_MicrosoftMixedRealityController.uexp" 555
"../../../Engine/Plugins/Runtime/OpenXR/Content/Devices/MicrosoftMixedReality/Right/right_MicrosoftMixedRealityController.uasset" 556
"../../../Engine/Plugins/Runtime/OpenXR/Content/Devices/MicrosoftMixedReality/Right/right_MicrosoftMixedRealityController.uexp" 557
"../../../Engine/Plugins/Runtime/OpenXR/Content/Devices/OculusGo/BaseTexture.uasset" 558
"../../../Engine/Plugins/Runtime/OpenXR/Content/Devices/OculusGo/BaseTexture.uexp" 559
"../../../Engine/Plugins/Runtime/OpenXR/Content/Devices/OculusGo/BaseTexture.ubulk" 560
"../../../Engine/Plugins/Runtime/OpenXR/Content/Devices/OculusGo/MI_OculusGo.uasset" 561
"../../../Engine/Plugins/Runtime/OpenXR/Content/Devices/OculusGo/MI_OculusGo.uexp" 562
"../../../Engine/Plugins/Runtime/OpenXR/Content/Devices/OculusGo/OculusGoController.uasset" 563
"../../../Engine/Plugins/Runtime/OpenXR/Content/Devices/OculusGo/OculusGoController.uexp" 564
"../../../Engine/Plugins/Runtime/OpenXR/Content/Devices/OculusTouch/MRTexture.uasset" 565
"../../../Engine/Plugins/Runtime/OpenXR/Content/Devices/OculusTouch/MRTexture.uexp" 566
"../../../Engine/Plugins/Runtime/OpenXR/Content/Devices/OculusTouch/MRTexture.ubulk" 567
"../../../Engine/Plugins/Runtime/OpenXR/Content/Devices/OculusTouch/BaseTexture.uasset" 568
"../../../Engine/Plugins/Runtime/OpenXR/Content/Devices/OculusTouch/BaseTexture.uexp" 569
"../../../Engine/Plugins/Runtime/OpenXR/Content/Devices/OculusTouch/BaseTexture.ubulk" 570
"../../../Engine/Plugins/Runtime/OpenXR/Content/Devices/OculusTouch/MI_OculusTouch.uasset" 571
"../../../Engine/Plugins/Runtime/OpenXR/Content/Devices/OculusTouch/MI_OculusTouch.uexp" 572
"../../../Engine/Plugins/Runtime/OpenXR/Content/Devices/OculusTouch/Left/left_OculusTouchController.uasset" 573
"../../../Engine/Plugins/Runtime/OpenXR/Content/Devices/OculusTouch/Left/left_OculusTouchController.uexp" 574
"../../../Engine/Plugins/Runtime/OpenXR/Content/Devices/OculusTouch/Right/right_OculusTouchController.uasset" 575
"../../../Engine/Plugins/Runtime/OpenXR/Content/Devices/OculusTouch/Right/right_OculusTouchController.uexp" 576
"../../../Engine/Plugins/Runtime/OpenXR/Content/Devices/OculusTouch_v2/MRTexture.uasset" 577
"../../../Engine/Plugins/Runtime/OpenXR/Content/Devices/OculusTouch_v2/MRTexture.uexp" 578
"../../../Engine/Plugins/Runtime/OpenXR/Content/Devices/OculusTouch_v2/MRTexture.ubulk" 579
"../../../Engine/Plugins/Runtime/OpenXR/Content/Devices/OculusTouch_v2/BaseTexture.uasset" 580
"../../../Engine/Plugins/Runtime/OpenXR/Content/Devices/OculusTouch_v2/BaseTexture.uexp" 581
"../../../Engine/Plugins/Runtime/OpenXR/Content/Devices/OculusTouch_v2/BaseTexture.ubulk" 582
"../../../Engine/Plugins/Runtime/OpenXR/Content/Devices/OculusTouch_v2/MI_OculusTouch_v2.uasset" 583
"../../../Engine/Plugins/Runtime/OpenXR/Content/Devices/OculusTouch_v2/MI_OculusTouch_v2.uexp" 584
"../../../Engine/Plugins/Runtime/OpenXR/Content/Devices/OculusTouch_v2/Left/left_OculusTouch_v2Controller.uasset" 585
"../../../Engine/Plugins/Runtime/OpenXR/Content/Devices/OculusTouch_v2/Left/left_OculusTouch_v2Controller.uexp" 586
"../../../Engine/Plugins/Runtime/OpenXR/Content/Devices/OculusTouch_v2/Right/right_OculusTouch_v2Controller.uasset" 587
"../../../Engine/Plugins/Runtime/OpenXR/Content/Devices/OculusTouch_v2/Right/right_OculusTouch_v2Controller.uexp" 588
"../../../Engine/Plugins/Runtime/OpenXR/Content/Devices/OculusTouch_v3/MRTexture.uasset" 589
"../../../Engine/Plugins/Runtime/OpenXR/Content/Devices/OculusTouch_v3/MRTexture.uexp" 590
"../../../Engine/Plugins/Runtime/OpenXR/Content/Devices/OculusTouch_v3/MRTexture.ubulk" 591
"../../../Engine/Plugins/Runtime/OpenXR/Content/Devices/OculusTouch_v3/BaseTexture.uasset" 592
"../../../Engine/Plugins/Runtime/OpenXR/Content/Devices/OculusTouch_v3/BaseTexture.uexp" 593
"../../../Engine/Plugins/Runtime/OpenXR/Content/Devices/OculusTouch_v3/BaseTexture.ubulk" 594
"../../../Engine/Plugins/Runtime/OpenXR/Content/Devices/OculusTouch_v3/MI_OculusTouch_v3.uasset" 595
"../../../Engine/Plugins/Runtime/OpenXR/Content/Devices/OculusTouch_v3/MI_OculusTouch_v3.uexp" 596
"../../../Engine/Plugins/Runtime/OpenXR/Content/Devices/OculusTouch_v3/Left/left_OculusTouch_v3Controller.uasset" 597
"../../../Engine/Plugins/Runtime/OpenXR/Content/Devices/OculusTouch_v3/Left/left_OculusTouch_v3Controller.uexp" 598
"../../../Engine/Plugins/Runtime/OpenXR/Content/Devices/OculusTouch_v3/Right/right_OculusTouch_v3Controller.uasset" 599
"../../../Engine/Plugins/Runtime/OpenXR/Content/Devices/OculusTouch_v3/Right/right_OculusTouch_v3Controller.uexp" 600
"../../../Engine/Plugins/Runtime/OpenXR/Content/Devices/ValveIndex/MRTexture.uasset" 601
"../../../Engine/Plugins/Runtime/OpenXR/Content/Devices/ValveIndex/MRTexture.uexp" 602
"../../../Engine/Plugins/Runtime/OpenXR/Content/Devices/ValveIndex/MRTexture.ubulk" 603
"../../../Engine/Plugins/Runtime/OpenXR/Content/Devices/ValveIndex/BaseTexture.uasset" 604
"../../../Engine/Plugins/Runtime/OpenXR/Content/Devices/ValveIndex/BaseTexture.uexp" 605
"../../../Engine/Plugins/Runtime/OpenXR/Content/Devices/ValveIndex/BaseTexture.ubulk" 606
"../../../Engine/Plugins/Runtime/OpenXR/Content/Devices/ValveIndex/Left/MI_left_ValveIndex.uasset" 607
"../../../Engine/Plugins/Runtime/OpenXR/Content/Devices/ValveIndex/Left/MI_left_ValveIndex.uexp" 608
"../../../Engine/Plugins/Runtime/OpenXR/Content/Devices/ValveIndex/Left/left_ValveIndexController.uasset" 609
"../../../Engine/Plugins/Runtime/OpenXR/Content/Devices/ValveIndex/Left/left_ValveIndexController.uexp" 610
"../../../Engine/Plugins/Runtime/OpenXR/Content/Devices/ValveIndex/Right/MI_right_ValveIndex.uasset" 611
"../../../Engine/Plugins/Runtime/OpenXR/Content/Devices/ValveIndex/Right/MI_right_ValveIndex.uexp" 612
"../../../Engine/Plugins/Runtime/OpenXR/Content/Devices/ValveIndex/Right/right_ValveIndexController.uasset" 613
"../../../Engine/Plugins/Runtime/OpenXR/Content/Devices/ValveIndex/Right/right_ValveIndexController.uexp" 614
"../../../Engine/Content/Functions/Engine_MaterialFunctions02/Utility/BreakOutFloat4Components.uasset" 615
"../../../Engine/Content/Functions/Engine_MaterialFunctions02/Utility/BreakOutFloat4Components.uexp" 616
"../../../Engine/Content/Functions/Engine_MaterialFunctions02/Utility/MakeFloat3.uasset" 617
"../../../Engine/Content/Functions/Engine_MaterialFunctions02/Utility/MakeFloat3.uexp" 618
"../../../Engine/Plugins/Runtime/Oculus/OculusVR/Content/Materials/OculusMR_ChromaKey.uasset" 619
"../../../Engine/Plugins/Runtime/Oculus/OculusVR/Content/Materials/OculusMR_ChromaKey.uexp" 620
"../../../Engine/Plugins/Runtime/Oculus/OculusVR/Content/Materials/OculusMR_OpaqueColoredMaterial.uasset" 621
"../../../Engine/Plugins/Runtime/Oculus/OculusVR/Content/Materials/OculusMR_OpaqueColoredMaterial.uexp" 622
"../../../Engine/Plugins/Runtime/Oculus/OculusVR/Content/Materials/PokeAHoleMaterial.uasset" 623
"../../../Engine/Plugins/Runtime/Oculus/OculusVR/Content/Materials/PokeAHoleMaterial.uexp" 624
"../../../Engine/Plugins/Runtime/Oculus/OculusVR/Content/Textures/touchController_controlmap.uasset" 625
"../../../Engine/Plugins/Runtime/Oculus/OculusVR/Content/Textures/touchController_controlmap.uexp" 626
"../../../Engine/Plugins/Runtime/Oculus/OculusVR/Content/Textures/touchController_controlmap.ubulk" 627
"../../../Engine/Plugins/Runtime/Oculus/OculusVR/Content/Textures/touchController_albedo.uasset" 628
"../../../Engine/Plugins/Runtime/Oculus/OculusVR/Content/Textures/touchController_albedo.uexp" 629
"../../../Engine/Plugins/Runtime/Oculus/OculusVR/Content/Textures/touchController_albedo.ubulk" 630
"../../../Engine/Plugins/Runtime/Oculus/OculusVR/Content/Materials/touchController_mat.uasset" 631
"../../../Engine/Plugins/Runtime/Oculus/OculusVR/Content/Materials/touchController_mat.uexp" 632
"../../../Engine/Plugins/Runtime/Oculus/OculusVR/Content/Meshes/LeftTouchController.uasset" 633
"../../../Engine/Plugins/Runtime/Oculus/OculusVR/Content/Meshes/LeftTouchController.uexp" 634
"../../../Engine/Plugins/Runtime/Oculus/OculusVR/Content/Textures/TouchForQuestRiftSController_albedo.uasset" 635
"../../../Engine/Plugins/Runtime/Oculus/OculusVR/Content/Textures/TouchForQuestRiftSController_albedo.uexp" 636
"../../../Engine/Plugins/Runtime/Oculus/OculusVR/Content/Textures/TouchForQuestRiftSController_albedo.ubulk" 637
"../../../Engine/Plugins/Runtime/Oculus/OculusVR/Content/Materials/TouchForQuestRiftSControllerMaterial.uasset" 638
"../../../Engine/Plugins/Runtime/Oculus/OculusVR/Content/Materials/TouchForQuestRiftSControllerMaterial.uexp" 639
"../../../Engine/Plugins/Runtime/Oculus/OculusVR/Content/Meshes/LeftTouchForQuestRiftSController.uasset" 640
"../../../Engine/Plugins/Runtime/Oculus/OculusVR/Content/Meshes/LeftTouchForQuestRiftSController.uexp" 641
"../../../Engine/Plugins/Runtime/Oculus/OculusVR/Content/Meshes/RiftHMD.uasset" 642
"../../../Engine/Plugins/Runtime/Oculus/OculusVR/Content/Meshes/RiftHMD.uexp" 643
"../../../Engine/Plugins/Runtime/Oculus/OculusVR/Content/Meshes/RightTouchController.uasset" 644
"../../../Engine/Plugins/Runtime/Oculus/OculusVR/Content/Meshes/RightTouchController.uexp" 645
"../../../Engine/Plugins/Runtime/Oculus/OculusVR/Content/Meshes/RightTouchForQuestRiftSController.uasset" 646
"../../../Engine/Plugins/Runtime/Oculus/OculusVR/Content/Meshes/RightTouchForQuestRiftSController.uexp" 647
"F:/User02/Documents/fuzzy-shooter/Content/Blueprints/Items/BP_ItemSpawner.uasset" 648
"F:/User02/Documents/fuzzy-shooter/Content/Blueprints/Items/BP_ItemSpawner.uexp" 649
"F:/User02/Documents/fuzzy-shooter/Content/Blueprints/Items/BP_AmmoSpawner.uasset" 650
"F:/User02/Documents/fuzzy-shooter/Content/Blueprints/Items/BP_AmmoSpawner.uexp" 651
"F:/User02/Documents/fuzzy-shooter/Content/Blueprints/Items/BP_MedKitSpawner.uasset" 652
"F:/User02/Documents/fuzzy-shooter/Content/Blueprints/Items/BP_MedKitSpawner.uexp" 653
"../../../Engine/Content/EngineSky/T_Sky_Blue.uasset" 654
"../../../Engine/Content/EngineSky/T_Sky_Blue.uexp" 655
"../../../Engine/Content/EngineSky/T_Sky_Blue.ubulk" 656
"../../../Engine/Content/EngineSky/T_Sky_Clouds_M.uasset" 657
"../../../Engine/Content/EngineSky/T_Sky_Clouds_M.uexp" 658
"../../../Engine/Content/EngineSky/T_Sky_Clouds_M.ubulk" 659
"../../../Engine/Content/EngineSky/T_Sky_Stars.uasset" 660
"../../../Engine/Content/EngineSky/T_Sky_Stars.uexp" 661
"../../../Engine/Content/EngineSky/T_Sky_Stars.ubulk" 662
"../../../Engine/Content/EngineSky/M_Sky_Panning_Clouds2.uasset" 663
"../../../Engine/Content/EngineSky/M_Sky_Panning_Clouds2.uexp" 664
"../../../Engine/Content/EngineSky/SM_SkySphere.uasset" 665
"../../../Engine/Content/EngineSky/SM_SkySphere.uexp" 666
"../../../Engine/Content/EngineSky/C_Sky_Zenith_Color.uasset" 667
"../../../Engine/Content/EngineSky/C_Sky_Zenith_Color.uexp" 668
"../../../Engine/Content/EngineSky/C_Sky_Horizon_Color.uasset" 669
"../../../Engine/Content/EngineSky/C_Sky_Horizon_Color.uexp" 670
"../../../Engine/Content/EngineSky/C_Sky_Cloud_Color.uasset" 671
"../../../Engine/Content/EngineSky/C_Sky_Cloud_Color.uexp" 672
"../../../Engine/Content/EngineSky/BP_Sky_Sphere.uasset" 673
"../../../Engine/Content/EngineSky/BP_Sky_Sphere.uexp" 674
"F:/User02/Documents/fuzzy-shooter/Content/Levels/MainLevel_BuiltData.uasset" 675
"F:/User02/Documents/fuzzy-shooter/Content/Levels/MainLevel_BuiltData.uexp" 676
"F:/User02/Documents/fuzzy-shooter/Content/Levels/MainLevel_BuiltData.ubulk" 677
"../../../Engine/Content/BasicShapes/Cube.uasset" 678
"../../../Engine/Content/BasicShapes/Cube.uexp" 679
"../../../Engine/Content/MapTemplates/SM_Template_Map_Floor.uasset" 680
"../../../Engine/Content/MapTemplates/SM_Template_Map_Floor.uexp" 681
"F:/User02/Documents/fuzzy-shooter/Content/Levels/MainLevel.uexp" 682
"F:/User02/Documents/fuzzy-shooter/Content/Levels/MainLevel.umap" 683
"../../../Engine/Content/Maps/Entry_BuiltData.uasset" 684
"../../../Engine/Content/Maps/Entry_BuiltData.uexp" 685
"../../../Engine/Content/Maps/Entry.uexp" 686
"../../../Engine/Content/Maps/Entry.umap" 687
